[2023-07-18 10:19:37,345] INFO [ControllerEventThread controllerId=0] Starting (kafka.controller.ControllerEventManager$ControllerEventThread)
[2023-07-18 10:19:37,524] INFO [Controller id=0] 0 successfully elected as the controller. Epoch incremented to 1 and epoch zk version is now 1 (kafka.controller.KafkaController)
[2023-07-18 10:19:37,535] INFO [Controller id=0] Creating FeatureZNode at path: /feature with contents: FeatureZNode(2,Enabled,Map()) (kafka.controller.KafkaController)
[2023-07-18 10:19:37,627] INFO [Controller id=0] Registering handlers (kafka.controller.KafkaController)
[2023-07-18 10:19:37,636] INFO [Controller id=0] Deleting log dir event notifications (kafka.controller.KafkaController)
[2023-07-18 10:19:37,767] INFO [Controller id=0] Deleting isr change notifications (kafka.controller.KafkaController)
[2023-07-18 10:19:37,771] INFO [Controller id=0] Initializing controller context (kafka.controller.KafkaController)
[2023-07-18 10:19:37,812] INFO [Controller id=0] Initialized broker epochs cache: HashMap(0 -> 25) (kafka.controller.KafkaController)
[2023-07-18 10:19:37,830] DEBUG [Controller id=0] Register BrokerModifications handler for Set(0) (kafka.controller.KafkaController)
[2023-07-18 10:19:37,855] DEBUG [Channel manager on controller 0]: Controller 0 trying to connect to broker 0 (kafka.controller.ControllerChannelManager)
[2023-07-18 10:19:37,886] INFO [RequestSendThread controllerId=0] Starting (kafka.controller.RequestSendThread)
[2023-07-18 10:19:37,891] INFO [Controller id=0] Currently active brokers in the cluster: Set(0) (kafka.controller.KafkaController)
[2023-07-18 10:19:37,891] INFO [Controller id=0] Currently shutting brokers in the cluster: HashSet() (kafka.controller.KafkaController)
[2023-07-18 10:19:37,892] INFO [Controller id=0] Current list of topics in the cluster: HashSet() (kafka.controller.KafkaController)
[2023-07-18 10:19:37,893] INFO [Controller id=0] Fetching topic deletions in progress (kafka.controller.KafkaController)
[2023-07-18 10:19:37,901] INFO [Controller id=0] List of topics to be deleted:  (kafka.controller.KafkaController)
[2023-07-18 10:19:37,901] INFO [Controller id=0] List of topics ineligible for deletion:  (kafka.controller.KafkaController)
[2023-07-18 10:19:37,902] INFO [Controller id=0] Initializing topic deletion manager (kafka.controller.KafkaController)
[2023-07-18 10:19:37,903] INFO [Topic Deletion Manager 0] Initializing manager with initial deletions: Set(), initial ineligible deletions: HashSet() (kafka.controller.TopicDeletionManager)
[2023-07-18 10:19:37,905] INFO [Controller id=0] Sending update metadata request (kafka.controller.KafkaController)
[2023-07-18 10:19:37,935] INFO [ReplicaStateMachine controllerId=0] Initializing replica state (kafka.controller.ZkReplicaStateMachine)
[2023-07-18 10:19:37,937] INFO [ReplicaStateMachine controllerId=0] Triggering online replica state changes (kafka.controller.ZkReplicaStateMachine)
[2023-07-18 10:19:37,972] INFO [ReplicaStateMachine controllerId=0] Triggering offline replica state changes (kafka.controller.ZkReplicaStateMachine)
[2023-07-18 10:19:37,974] DEBUG [ReplicaStateMachine controllerId=0] Started replica state machine with initial state -> HashMap() (kafka.controller.ZkReplicaStateMachine)
[2023-07-18 10:19:37,982] INFO [PartitionStateMachine controllerId=0] Initializing partition state (kafka.controller.ZkPartitionStateMachine)
[2023-07-18 10:19:37,987] INFO [PartitionStateMachine controllerId=0] Triggering online partition state changes (kafka.controller.ZkPartitionStateMachine)
[2023-07-18 10:19:37,988] INFO [RequestSendThread controllerId=0] Controller 0 connected to DESKTOP-E4B1PHS:9092 (id: 0 rack: null) for sending state change requests (kafka.controller.RequestSendThread)
[2023-07-18 10:19:38,003] DEBUG [PartitionStateMachine controllerId=0] Started partition state machine with initial state -> HashMap() (kafka.controller.ZkPartitionStateMachine)
[2023-07-18 10:19:38,004] INFO [Controller id=0] Ready to serve as the new controller with epoch 1 (kafka.controller.KafkaController)
[2023-07-18 10:19:38,020] INFO [Controller id=0] Partitions undergoing preferred replica election:  (kafka.controller.KafkaController)
[2023-07-18 10:19:38,020] INFO [Controller id=0] Partitions that completed preferred replica election:  (kafka.controller.KafkaController)
[2023-07-18 10:19:38,021] INFO [Controller id=0] Skipping preferred replica election for partitions due to topic deletion:  (kafka.controller.KafkaController)
[2023-07-18 10:19:38,022] INFO [Controller id=0] Resuming preferred replica election for partitions:  (kafka.controller.KafkaController)
[2023-07-18 10:19:38,024] INFO [Controller id=0] Starting replica leader election (PREFERRED) for partitions  triggered by ZkTriggered (kafka.controller.KafkaController)
[2023-07-18 10:19:38,195] INFO [Controller id=0] Starting the controller scheduler (kafka.controller.KafkaController)
[2023-07-18 10:19:43,204] INFO [Controller id=0] Processing automatic preferred replica leader election (kafka.controller.KafkaController)
[2023-07-18 10:19:43,205] TRACE [Controller id=0] Checking need to trigger auto leader balancing (kafka.controller.KafkaController)
[2023-07-18 10:24:43,219] INFO [Controller id=0] Processing automatic preferred replica leader election (kafka.controller.KafkaController)
[2023-07-18 10:24:43,219] TRACE [Controller id=0] Checking need to trigger auto leader balancing (kafka.controller.KafkaController)
[2023-07-18 10:29:43,223] INFO [Controller id=0] Processing automatic preferred replica leader election (kafka.controller.KafkaController)
[2023-07-18 10:29:43,224] TRACE [Controller id=0] Checking need to trigger auto leader balancing (kafka.controller.KafkaController)
[2023-07-18 10:34:43,236] INFO [Controller id=0] Processing automatic preferred replica leader election (kafka.controller.KafkaController)
[2023-07-18 10:34:43,237] TRACE [Controller id=0] Checking need to trigger auto leader balancing (kafka.controller.KafkaController)
[2023-07-18 10:39:43,250] INFO [Controller id=0] Processing automatic preferred replica leader election (kafka.controller.KafkaController)
[2023-07-18 10:39:43,251] TRACE [Controller id=0] Checking need to trigger auto leader balancing (kafka.controller.KafkaController)
[2023-07-18 10:44:43,258] INFO [Controller id=0] Processing automatic preferred replica leader election (kafka.controller.KafkaController)
[2023-07-18 10:44:43,259] TRACE [Controller id=0] Checking need to trigger auto leader balancing (kafka.controller.KafkaController)
[2023-07-18 10:49:43,277] INFO [Controller id=0] Processing automatic preferred replica leader election (kafka.controller.KafkaController)
[2023-07-18 10:49:43,277] TRACE [Controller id=0] Checking need to trigger auto leader balancing (kafka.controller.KafkaController)
[2023-07-18 10:54:43,306] INFO [Controller id=0] Processing automatic preferred replica leader election (kafka.controller.KafkaController)
[2023-07-18 10:54:43,306] TRACE [Controller id=0] Checking need to trigger auto leader balancing (kafka.controller.KafkaController)
[2023-07-18 10:59:43,319] INFO [Controller id=0] Processing automatic preferred replica leader election (kafka.controller.KafkaController)
[2023-07-18 10:59:43,319] TRACE [Controller id=0] Checking need to trigger auto leader balancing (kafka.controller.KafkaController)
